SF:/foo/bar/baz/netcoverage/QodanaCoverageTest/Class1.cs
FN:10,System.Void QodanaCoverageTest.Class1::UsedMethod()
FNDA:1,System.Void QodanaCoverageTest.Class1::UsedMethod()
DA:11,1
DA:12,1
DA:18,1
FN:20,System.Void QodanaCoverageTest.Class1::UsedMethodWithIf(System.Int32)
FNDA:1,System.Void QodanaCoverageTest.Class1::UsedMethodWithIf(System.Int32)
DA:21,1
DA:22,1
DA:23,1
DA:24,1
DA:25,1
DA:27,0
DA:28,0
DA:29,0
DA:30,0
DA:31,1
BRDA:22,7,0,1
BRDA:22,7,1,0
FN:32,System.Int32 QodanaCoverageTest.Class1::UsedLambdaMethod()
FNDA:1,System.Int32 QodanaCoverageTest.Class1::UsedLambdaMethod()
DA:33,1
FN:34,System.Int32 QodanaCoverageTest.Class1::UnusedLambdaMethod()
FNDA:0,System.Int32 QodanaCoverageTest.Class1::UnusedLambdaMethod()
DA:35,0
FN:37,System.Void QodanaCoverageTest.Class1::UnusedMethod()
FNDA:0,System.Void QodanaCoverageTest.Class1::UnusedMethod()
DA:38,0
DA:43,0
FN:13,System.Void QodanaCoverageTest.Class1::<UsedMethod>g__LocalMethod|1_0()
FNDA:1,System.Void QodanaCoverageTest.Class1::<UsedMethod>g__LocalMethod|1_0()
DA:14,1
DA:15,1
DA:16,1
FN:16,System.Void QodanaCoverageTest.Class1::<UsedMethod>g__UnusedLocalMethod|1_1()
FNDA:0,System.Void QodanaCoverageTest.Class1::<UsedMethod>g__UnusedLocalMethod|1_1()
DA:17,0
FN:39,System.Void QodanaCoverageTest.Class1::<UnusedMethod>g__UnusedLocalMethod|5_0()
FNDA:0,System.Void QodanaCoverageTest.Class1::<UnusedMethod>g__UnusedLocalMethod|5_0()
DA:40,0
DA:42,0
FN:4,System.Void QodanaCoverageTest.Class1::.ctor()
FNDA:1,System.Void QodanaCoverageTest.Class1::.ctor()
DA:5,1
DA:6,1
DA:7,1
DA:8,1
LF:27
LH:17
BRF:2
BRH:1
FNF:9
FNH:5
end_of_record
SF:/foo/bar/baz/netcoverage/QodanaCoverageTest/Class2.cs
FN:10,System.Void QodanaCoverageTest.Class2::UnusedMethod()
FNDA:0,System.Void QodanaCoverageTest.Class2::UnusedMethod()
DA:11,0
DA:13,0
FN:18,System.Int32 QodanaCoverageTest.Class2::get_MyProperty1()
FNDA:0,System.Int32 QodanaCoverageTest.Class2::get_MyProperty1()
DA:19,0
FN:19,System.Void QodanaCoverageTest.Class2::set_MyProperty1(System.Int32)
FNDA:0,System.Void QodanaCoverageTest.Class2::set_MyProperty1(System.Int32)
DA:20,0
FN:24,System.Int32 QodanaCoverageTest.Class2::get_MyProperty2()
FNDA:0,System.Int32 QodanaCoverageTest.Class2::get_MyProperty2()
DA:25,0
FN:25,System.Void QodanaCoverageTest.Class2::set_MyProperty2(System.Int32)
FNDA:0,System.Void QodanaCoverageTest.Class2::set_MyProperty2(System.Int32)
DA:26,0
FN:4,System.Void QodanaCoverageTest.Class2::.ctor()
FNDA:0,System.Void QodanaCoverageTest.Class2::.ctor()
DA:5,0
DA:6,0
DA:8,0
LF:9
LH:0
BRF:0
BRH:0
FNF:6
FNH:0
end_of_record